# JRE version: OpenJDK Runtime Environment GraalVM CE 22.3.0 (17.0.5+8) (build 17.0.5+8-jvmci-22.3-b08)
# Java VM: OpenJDK 64-Bit Server VM GraalVM CE 22.3.0 (17.0.5+8-jvmci-22.3-b08, mixed mode, sharing, tiered, jvmci, jvmci compiler, compressed oops, compressed class ptrs, parallel gc, linux-amd64)
GC Precious Log:
 CPUs: 8 total, 1 available
 Memory: 1024M
 Large Page Support: Disabled
 NUMA Support: Disabled
 Compressed Oops: Enabled (32-bit)
 Alignments: Space 512K, Generation 512K, Heap 2M
 Heap Min Capacity: 100M
 Heap Initial Capacity: 100M
 Heap Max Capacity: 512M
 Pre-touch: Disabled
 Parallel Workers: 1
Heap:
 PSYoungGen      total 24576K, used 15359K [0x00000000f5580000, 0x00000000f7780000, 0x0000000100000000)
  eden space 15360K, 99% used [0x00000000f5580000,0x00000000f647fff0,0x00000000f6480000)
  from space 9216K, 0% used [0x00000000f6480000,0x00000000f6480000,0x00000000f6d80000)
  to   space 8704K, 0% used [0x00000000f6d80000,0x00000000f6d80000,0x00000000f7600000)
 ParOldGen       total 349696K, used 349695K [0x00000000e0000000, 0x00000000f5580000, 0x00000000f5580000)
  object space 349696K, 99% used [0x00000000e0000000,0x00000000f557fff8,0x00000000f5580000)
 Metaspace       used 60382K, committed 61568K, reserved 1105920K
  class space    used 5949K, committed 6400K, reserved 1048576K
GC Heap History (20 events):
Event: 319.274 GC heap before
{Heap before GC invocations=371 (full 244):
 PSYoungGen      total 24576K, used 15360K [0x00000000f5580000, 0x00000000f7780000, 0x0000000100000000)
  eden space 15360K, 100% used [0x00000000f5580000,0x00000000f6480000,0x00000000f6480000)
  from space 9216K, 0% used [0x00000000f6480000,0x00000000f6480000,0x00000000f6d80000)
  to   space 8704K, 0% used [0x00000000f6d80000,0x00000000f6d80000,0x00000000f7600000)
 ParOldGen       total 349696K, used 349691K [0x00000000e0000000, 0x00000000f5580000, 0x00000000f5580000)
  object space 349696K, 99% used [0x00000000e0000000,0x00000000f557ef48,0x00000000f5580000)
 Metaspace       used 60381K, committed 61568K, reserved 1105920K
  class space    used 5948K, committed 6400K, reserved 1048576K
}
Event: 320.368 GC heap after
{Heap after GC invocations=371 (full 244):
 PSYoungGen      total 24064K, used 15359K [0x00000000f5580000, 0x00000000f7780000, 0x0000000100000000)
  eden space 15360K, 99% used [0x00000000f5580000,0x00000000f647ffd0,0x00000000f6480000)
  from space 8704K, 0% used [0x00000000f6d80000,0x00000000f6d80000,0x00000000f7600000)
  to   space 9216K, 0% used [0x00000000f6480000,0x00000000f6480000,0x00000000f6d80000)
 ParOldGen       total 349696K, used 349691K [0x00000000e0000000, 0x00000000f5580000, 0x00000000f5580000)
  object space 349696K, 99% used [0x00000000e0000000,0x00000000f557eee8,0x00000000f5580000)
 Metaspace       used 60381K, committed 61568K, reserved 1105920K
  class space    used 5948K, committed 6400K, reserved 1048576K
}
Event: 320.368 GC heap before
{Heap before GC invocations=372 (full 245):
 PSYoungGen      total 24064K, used 15360K [0x00000000f5580000, 0x00000000f7780000, 0x0000000100000000)
  eden space 15360K, 100% used [0x00000000f5580000,0x00000000f6480000,0x00000000f6480000)
  from space 8704K, 0% used [0x00000000f6d80000,0x00000000f6d80000,0x00000000f7600000)
  to   space 9216K, 0% used [0x00000000f6480000,0x00000000f6480000,0x00000000f6d80000)
 ParOldGen       total 349696K, used 349691K [0x00000000e0000000, 0x00000000f5580000, 0x00000000f5580000)
  object space 349696K, 99% used [0x00000000e0000000,0x00000000f557eee8,0x00000000f5580000)
 Metaspace       used 60381K, committed 61568K, reserved 1105920K
  class space    used 5948K, committed 6400K, reserved 1048576K
}
Event: 321.483 GC heap after
{Heap after GC invocations=372 (full 245):
 PSYoungGen      total 24576K, used 15360K [0x00000000f5580000, 0x00000000f7780000, 0x0000000100000000)
  eden space 15360K, 100% used [0x00000000f5580000,0x00000000f6480000,0x00000000f6480000)
  from space 9216K, 0% used [0x00000000f6480000,0x00000000f6480000,0x00000000f6d80000)
  to   space 8704K, 0% used [0x00000000f6d80000,0x00000000f6d80000,0x00000000f7600000)
 ParOldGen       total 349696K, used 349691K [0x00000000e0000000, 0x00000000f5580000, 0x00000000f5580000)
  object space 349696K, 99% used [0x00000000e0000000,0x00000000f557eed0,0x00000000f5580000)
 Metaspace       used 60381K, committed 61568K, reserved 1105920K
  class space    used 5948K, committed 6400K, reserved 1048576K
}
Event: 321.484 GC heap before
{Heap before GC invocations=373 (full 246):
 PSYoungGen      total 24576K, used 15360K [0x00000000f5580000, 0x00000000f7780000, 0x0000000100000000)
  eden space 15360K, 100% used [0x00000000f5580000,0x00000000f6480000,0x00000000f6480000)
  from space 9216K, 0% used [0x00000000f6480000,0x00000000f6480000,0x00000000f6d80000)
  to   space 8704K, 0% used [0x00000000f6d80000,0x00000000f6d80000,0x00000000f7600000)
 ParOldGen       total 349696K, used 349693K [0x00000000e0000000, 0x00000000f5580000, 0x00000000f5580000)
  object space 349696K, 99% used [0x00000000e0000000,0x00000000f557f7e0,0x00000000f5580000)
 Metaspace       used 60381K, committed 61568K, reserved 1105920K
  class space    used 5948K, committed 6400K, reserved 1048576K
}
Event: 322.589 GC heap after
{Heap after GC invocations=373 (full 246):
 PSYoungGen      total 24064K, used 15359K [0x00000000f5580000, 0x00000000f7780000, 0x0000000100000000)
  eden space 15360K, 99% used [0x00000000f5580000,0x00000000f647fec0,0x00000000f6480000)
  from space 8704K, 0% used [0x00000000f6d80000,0x00000000f6d80000,0x00000000f7600000)
  to   space 9216K, 0% used [0x00000000f6480000,0x00000000f6480000,0x00000000f6d80000)
 ParOldGen       total 349696K, used 349691K [0x00000000e0000000, 0x00000000f5580000, 0x00000000f5580000)
  object space 349696K, 99% used [0x00000000e0000000,0x00000000f557eea0,0x00000000f5580000)
 Metaspace       used 60381K, committed 61568K, reserved 1105920K
  class space    used 5948K, committed 6400K, reserved 1048576K
}
Event: 322.589 GC heap before
{Heap before GC invocations=374 (full 247):
 PSYoungGen      total 24064K, used 15360K [0x00000000f5580000, 0x00000000f7780000, 0x0000000100000000)
  eden space 15360K, 100% used [0x00000000f5580000,0x00000000f6480000,0x00000000f6480000)
  from space 8704K, 0% used [0x00000000f6d80000,0x00000000f6d80000,0x00000000f7600000)
  to   space 9216K, 0% used [0x00000000f6480000,0x00000000f6480000,0x00000000f6d80000)
 ParOldGen       total 349696K, used 349691K [0x00000000e0000000, 0x00000000f5580000, 0x00000000f5580000)
  object space 349696K, 99% used [0x00000000e0000000,0x00000000f557eea0,0x00000000f5580000)
 Metaspace       used 60381K, committed 61568K, reserved 1105920K
  class space    used 5948K, committed 6400K, reserved 1048576K
}
Event: 323.701 GC heap after
{Heap after GC invocations=374 (full 247):
 PSYoungGen      total 24576K, used 15359K [0x00000000f5580000, 0x00000000f7780000, 0x0000000100000000)
  eden space 15360K, 99% used [0x00000000f5580000,0x00000000f647ffe0,0x00000000f6480000)
  from space 9216K, 0% used [0x00000000f6480000,0x00000000f6480000,0x00000000f6d80000)
  to   space 8704K, 0% used [0x00000000f6d80000,0x00000000f6d80000,0x00000000f7600000)
 ParOldGen       total 349696K, used 349691K [0x00000000e0000000, 0x00000000f5580000, 0x00000000f5580000)
  object space 349696K, 99% used [0x00000000e0000000,0x00000000f557eea0,0x00000000f5580000)
 Metaspace       used 60381K, committed 61568K, reserved 1105920K
  class space    used 5948K, committed 6400K, reserved 1048576K
}
Event: 323.701 GC heap before
{Heap before GC invocations=375 (full 248):
 PSYoungGen      total 24576K, used 15359K [0x00000000f5580000, 0x00000000f7780000, 0x0000000100000000)
  eden space 15360K, 99% used [0x00000000f5580000,0x00000000f647fff8,0x00000000f6480000)
  from space 9216K, 0% used [0x00000000f6480000,0x00000000f6480000,0x00000000f6d80000)
  to   space 8704K, 0% used [0x00000000f6d80000,0x00000000f6d80000,0x00000000f7600000)
 ParOldGen       total 349696K, used 349691K [0x00000000e0000000, 0x00000000f5580000, 0x00000000f5580000)
  object space 349696K, 99% used [0x00000000e0000000,0x00000000f557eea0,0x00000000f5580000)
 Metaspace       used 60381K, committed 61568K, reserved 1105920K
  class space    used 5948K, committed 6400K, reserved 1048576K
}
Event: 324.794 GC heap after
{Heap after GC invocations=375 (full 248):
 PSYoungGen      total 24064K, used 15359K [0x00000000f5580000, 0x00000000f7780000, 0x0000000100000000)
  eden space 15360K, 99% used [0x00000000f5580000,0x00000000f647fff8,0x00000000f6480000)
  from space 8704K, 0% used [0x00000000f6d80000,0x00000000f6d80000,0x00000000f7600000)
  to   space 9216K, 0% used [0x00000000f6480000,0x00000000f6480000,0x00000000f6d80000)
 ParOldGen       total 349696K, used 349691K [0x00000000e0000000, 0x00000000f5580000, 0x00000000f5580000)
  object space 349696K, 99% used [0x00000000e0000000,0x00000000f557eea0,0x00000000f5580000)
 Metaspace       used 60381K, committed 61568K, reserved 1105920K
  class space    used 5948K, committed 6400K, reserved 1048576K
}
Event: 324.798 GC heap before
{Heap before GC invocations=376 (full 249):
 PSYoungGen      total 24064K, used 15359K [0x00000000f5580000, 0x00000000f7780000, 0x0000000100000000)
  eden space 15360K, 99% used [0x00000000f5580000,0x00000000f647fff8,0x00000000f6480000)
  from space 8704K, 0% used [0x00000000f6d80000,0x00000000f6d80000,0x00000000f7600000)
  to   space 9216K, 0% used [0x00000000f6480000,0x00000000f6480000,0x00000000f6d80000)
 ParOldGen       total 349696K, used 349695K [0x00000000e0000000, 0x00000000f5580000, 0x00000000f5580000)
  object space 349696K, 99% used [0x00000000e0000000,0x00000000f557fe08,0x00000000f5580000)
 Metaspace       used 60382K, committed 61568K, reserved 1105920K
  class space    used 5949K, committed 6400K, reserved 1048576K
}
Event: 325.902 GC heap after
{Heap after GC invocations=376 (full 249):
 PSYoungGen      total 24576K, used 15359K [0x00000000f5580000, 0x00000000f7780000, 0x0000000100000000)
  eden space 15360K, 99% used [0x00000000f5580000,0x00000000f647fff8,0x00000000f6480000)
  from space 9216K, 0% used [0x00000000f6480000,0x00000000f6480000,0x00000000f6d80000)
  to   space 8704K, 0% used [0x00000000f6d80000,0x00000000f6d80000,0x00000000f7600000)
 ParOldGen       total 349696K, used 349694K [0x00000000e0000000, 0x00000000f5580000, 0x00000000f5580000)
  object space 349696K, 99% used [0x00000000e0000000,0x00000000f557fbb0,0x00000000f5580000)
 Metaspace       used 60382K, committed 61568K, reserved 1105920K
  class space    used 5949K, committed 6400K, reserved 1048576K
}
Event: 325.905 GC heap before
{Heap before GC invocations=377 (full 250):
 PSYoungGen      total 24576K, used 15359K [0x00000000f5580000, 0x00000000f7780000, 0x0000000100000000)
  eden space 15360K, 99% used [0x00000000f5580000,0x00000000f647fff8,0x00000000f6480000)
  from space 9216K, 0% used [0x00000000f6480000,0x00000000f6480000,0x00000000f6d80000)
  to   space 8704K, 0% used [0x00000000f6d80000,0x00000000f6d80000,0x00000000f7600000)
 ParOldGen       total 349696K, used 349695K [0x00000000e0000000, 0x00000000f5580000, 0x00000000f5580000)
  object space 349696K, 99% used [0x00000000e0000000,0x00000000f557ffa0,0x00000000f5580000)
 Metaspace       used 60382K, committed 61568K, reserved 1105920K
  class space    used 5949K, committed 6400K, reserved 1048576K
}
Event: 326.903 GC heap after
{Heap after GC invocations=377 (full 250):
 PSYoungGen      total 24064K, used 15359K [0x00000000f5580000, 0x00000000f7780000, 0x0000000100000000)
  eden space 15360K, 99% used [0x00000000f5580000,0x00000000f647fff8,0x00000000f6480000)
  from space 8704K, 0% used [0x00000000f6d80000,0x00000000f6d80000,0x00000000f7600000)
  to   space 9216K, 0% used [0x00000000f6480000,0x00000000f6480000,0x00000000f6d80000)
 ParOldGen       total 349696K, used 349695K [0x00000000e0000000, 0x00000000f5580000, 0x00000000f5580000)
  object space 349696K, 99% used [0x00000000e0000000,0x00000000f557ff50,0x00000000f5580000)
 Metaspace       used 60382K, committed 61568K, reserved 1105920K
  class space    used 5949K, committed 6400K, reserved 1048576K
}
Event: 326.903 GC heap before
{Heap before GC invocations=378 (full 251):
 PSYoungGen      total 24064K, used 15359K [0x00000000f5580000, 0x00000000f7780000, 0x0000000100000000)
  eden space 15360K, 99% used [0x00000000f5580000,0x00000000f647fff8,0x00000000f6480000)
  from space 8704K, 0% used [0x00000000f6d80000,0x00000000f6d80000,0x00000000f7600000)
  to   space 9216K, 0% used [0x00000000f6480000,0x00000000f6480000,0x00000000f6d80000)
 ParOldGen       total 349696K, used 349695K [0x00000000e0000000, 0x00000000f5580000, 0x00000000f5580000)
  object space 349696K, 99% used [0x00000000e0000000,0x00000000f557ff50,0x00000000f5580000)
 Metaspace       used 60382K, committed 61568K, reserved 1105920K
  class space    used 5949K, committed 6400K, reserved 1048576K
}
Event: 327.967 GC heap after
{Heap after GC invocations=378 (full 251):
 PSYoungGen      total 24576K, used 15359K [0x00000000f5580000, 0x00000000f7780000, 0x0000000100000000)
  eden space 15360K, 99% used [0x00000000f5580000,0x00000000f647fff8,0x00000000f6480000)
  from space 9216K, 0% used [0x00000000f6480000,0x00000000f6480000,0x00000000f6d80000)
  to   space 8704K, 0% used [0x00000000f6d80000,0x00000000f6d80000,0x00000000f7600000)
 ParOldGen       total 349696K, used 349695K [0x00000000e0000000, 0x00000000f5580000, 0x00000000f5580000)
  object space 349696K, 99% used [0x00000000e0000000,0x00000000f557ff50,0x00000000f5580000)
 Metaspace       used 60382K, committed 61568K, reserved 1105920K
  class space    used 5949K, committed 6400K, reserved 1048576K
}
Event: 327.969 GC heap before
{Heap before GC invocations=379 (full 252):
 PSYoungGen      total 24576K, used 15359K [0x00000000f5580000, 0x00000000f7780000, 0x0000000100000000)
  eden space 15360K, 99% used [0x00000000f5580000,0x00000000f647fff8,0x00000000f6480000)
  from space 9216K, 0% used [0x00000000f6480000,0x00000000f6480000,0x00000000f6d80000)
  to   space 8704K, 0% used [0x00000000f6d80000,0x00000000f6d80000,0x00000000f7600000)
 ParOldGen       total 349696K, used 349695K [0x00000000e0000000, 0x00000000f5580000, 0x00000000f5580000)
  object space 349696K, 99% used [0x00000000e0000000,0x00000000f557ff50,0x00000000f5580000)
 Metaspace       used 60382K, committed 61568K, reserved 1105920K
  class space    used 5949K, committed 6400K, reserved 1048576K
}
Event: 329.010 GC heap after
{Heap after GC invocations=379 (full 252):
 PSYoungGen      total 24064K, used 15359K [0x00000000f5580000, 0x00000000f7780000, 0x0000000100000000)
  eden space 15360K, 99% used [0x00000000f5580000,0x00000000f647ffd8,0x00000000f6480000)
  from space 8704K, 0% used [0x00000000f6d80000,0x00000000f6d80000,0x00000000f7600000)
  to   space 9216K, 0% used [0x00000000f6480000,0x00000000f6480000,0x00000000f6d80000)
 ParOldGen       total 349696K, used 349695K [0x00000000e0000000, 0x00000000f5580000, 0x00000000f5580000)
  object space 349696K, 99% used [0x00000000e0000000,0x00000000f557ff50,0x00000000f5580000)
 Metaspace       used 60382K, committed 61568K, reserved 1105920K
  class space    used 5949K, committed 6400K, reserved 1048576K
}
Event: 329.010 GC heap before
{Heap before GC invocations=380 (full 253):
 PSYoungGen      total 24064K, used 15359K [0x00000000f5580000, 0x00000000f7780000, 0x0000000100000000)
  eden space 15360K, 99% used [0x00000000f5580000,0x00000000f647ffd8,0x00000000f6480000)
  from space 8704K, 0% used [0x00000000f6d80000,0x00000000f6d80000,0x00000000f7600000)
  to   space 9216K, 0% used [0x00000000f6480000,0x00000000f6480000,0x00000000f6d80000)
 ParOldGen       total 349696K, used 349695K [0x00000000e0000000, 0x00000000f5580000, 0x00000000f5580000)
  object space 349696K, 99% used [0x00000000e0000000,0x00000000f557ff50,0x00000000f5580000)
 Metaspace       used 60382K, committed 61568K, reserved 1105920K
  class space    used 5949K, committed 6400K, reserved 1048576K
}
Event: 330.101 GC heap after
{Heap after GC invocations=380 (full 253):
 PSYoungGen      total 24576K, used 15359K [0x00000000f5580000, 0x00000000f7780000, 0x0000000100000000)
  eden space 15360K, 99% used [0x00000000f5580000,0x00000000f647ffd8,0x00000000f6480000)
  from space 9216K, 0% used [0x00000000f6480000,0x00000000f6480000,0x00000000f6d80000)
  to   space 8704K, 0% used [0x00000000f6d80000,0x00000000f6d80000,0x00000000f7600000)
 ParOldGen       total 349696K, used 349695K [0x00000000e0000000, 0x00000000f5580000, 0x00000000f5580000)
  object space 349696K, 99% used [0x00000000e0000000,0x00000000f557ff50,0x00000000f5580000)
 Metaspace       used 60382K, committed 61568K, reserved 1105920K
  class space    used 5949K, committed 6400K, reserved 1048576K
}

